[2025/03/19 18:10:33]: §9          __             _       
[2025/03/19 18:10:33]: §9  _ __   / /  ___   __ _(_)_ __  
[2025/03/19 18:10:33]: §9 | '_ \ / /  / _ \ / _` | | '_ \ 
[2025/03/19 18:10:33]: §9 | | | / /__| (_) | (_| | | | | |
[2025/03/19 18:10:33]: §9 |_| |_\____/\___/ \__, |_|_| |_|
[2025/03/19 18:10:33]: §9                  |___/            
[2025/03/19 18:10:33]: §9 By: www.nickuc.com - V 10.4.21
[2025/03/19 18:10:33]: §9 
[2025/03/19 18:10:33]: §3[nLogin] [DEBUG] All settings were loaded in 108 ms.
[2025/03/19 18:10:33]: §3[nLogin] [DEBUG] Loading the messages_en.yml message file...
[2025/03/19 18:10:33]: §3[nLogin] [DEBUG] All plugin messages were loaded in 59 ms (languageByClient=false).
[2025/03/19 18:10:33]: §3[nLogin] [DEBUG] All proxy settings were loaded in 2 ms.
[2025/03/19 18:10:33]: §3[nLogin] [DEBUG] Loading database...
[2025/03/19 18:10:34]: §3[nLogin] [DEBUG] Starting logger filter...
[2025/03/19 18:14:30]: §3[nLogin] [DEBUG] [SQLite] [UPDATE]: "UPDATE `nlogin` SET `last_name` = 'algari', `unique_id` = bce1c2937a0439a4b7b0fee08ee32e47,  `mojang_id` = null,  `bedrock_id` = null,  `password` = '$2a$10$XMldslv663ITyipw23OPUuGF24SrOP/x3xYCKh98aCfncFeP.nDPS', `last_ip` = '127.25.19.112', `creation_date` = 2025-03-19 00:22:46.82, `last_seen` = 2025-03-19 18:14:30.939, `email` = null, `discord` = null, `settings` = '{"settings":[{"value":"en","key":"language"}],"version":0}' WHERE `ai` = 1" (applied to [last_ip, last_seen, settings] columns)
[2025/03/19 18:14:30]: [nLogin] The user algari has successfully logged in.
[2025/03/19 18:29:43]: §3[nLogin] [DEBUG] [SQLite] [UPDATE]: "UPDATE `nlogin` SET `last_name` = 'algari', `unique_id` = bce1c2937a0439a4b7b0fee08ee32e47,  `mojang_id` = null,  `bedrock_id` = null,  `password` = '$2a$10$XMldslv663ITyipw23OPUuGF24SrOP/x3xYCKh98aCfncFeP.nDPS', `last_ip` = '127.25.19.112', `creation_date` = 2025-03-19 00:22:46.82, `last_seen` = 2025-03-19 18:29:43.334, `email` = null, `discord` = null, `settings` = '{"settings":[{"value":"en","key":"language"}],"version":0}' WHERE `ai` = 1" (applied to [last_seen, settings] columns)
[2025/03/19 18:45:39]: §3[nLogin] [DEBUG] [SQLite] [UPDATE]: "UPDATE `nlogin` SET `last_name` = 'algari', `unique_id` = bce1c2937a0439a4b7b0fee08ee32e47,  `mojang_id` = null,  `bedrock_id` = null,  `password` = '$2a$10$XMldslv663ITyipw23OPUuGF24SrOP/x3xYCKh98aCfncFeP.nDPS', `last_ip` = '127.25.19.112', `creation_date` = 2025-03-19 00:22:46.82, `last_seen` = 2025-03-19 18:45:39.546, `email` = null, `discord` = null, `settings` = '{"settings":[{"value":"en","key":"language"}],"version":0}' WHERE `ai` = 1" (applied to [last_ip, last_seen, settings] columns)
[2025/03/19 18:45:39]: [nLogin] The user algari has successfully logged in.
[2025/03/19 18:45:43]: [nLogin] Successful plugin core shutdown (took 0.00s)
