[2025/03/19 00:22:05]: §9          __             _       
[2025/03/19 00:22:05]: §9  _ __   / /  ___   __ _(_)_ __  
[2025/03/19 00:22:05]: §9 | '_ \ / /  / _ \ / _` | | '_ \ 
[2025/03/19 00:22:05]: §9 | | | / /__| (_) | (_| | | | | |
[2025/03/19 00:22:05]: §9 |_| |_\____/\___/ \__, |_|_| |_|
[2025/03/19 00:22:05]: §9                  |___/            
[2025/03/19 00:22:05]: §9 By: www.nickuc.com - V 10.4.21
[2025/03/19 00:22:05]: §9 
[2025/03/19 00:22:05]: §3[nLogin] [DEBUG] The config.yml file was created successfully.
[2025/03/19 00:22:06]: §3[nLogin] [DEBUG] All settings were loaded in 940 ms.
[2025/03/19 00:22:06]: §3[nLogin] [DEBUG] Loading the messages_en.yml message file...
[2025/03/19 00:22:06]: §3[nLogin] [DEBUG] All plugin messages were loaded in 55 ms (languageByClient=false).
[2025/03/19 00:22:06]: §3[nLogin] [DEBUG] All proxy settings were loaded in 1 ms.
[2025/03/19 00:22:06]: §3[nLogin] [DEBUG] Loading database...
[2025/03/19 00:22:06]: [nLogin] Generating RSA keypair... (this may take a while)
[2025/03/19 00:22:08]: [nLogin] The RSA key pair was successfully generated. Took 1.80s
[2025/03/19 00:22:08]: §3[nLogin] [DEBUG] Starting logger filter...
[2025/03/19 00:22:08]: [nLogin] Starting the OpeNLogin conversion...
[2025/03/19 00:22:08]: §e[nLogin] [WARN] Initializing the OpeNLogin conversion
[2025/03/19 00:22:08]: §e[nLogin] [WARN] Please do not shut down your server.
[2025/03/19 00:22:08]: [nLogin] OpeNLogin data has been successfully converted.
[2025/03/19 00:22:08]: [nLogin] No users have been converted ~ 0.03s
[2025/03/19 00:22:18]: 
[2025/03/19 00:22:18]:  §bThank you so much for choosing nLogin! §4<3
[2025/03/19 00:22:18]: 
[2025/03/19 00:22:18]:  §4For your safety, please read the message below:
[2025/03/19 00:22:18]:   §cNever download nLogin from unknown sources.
[2025/03/19 00:22:18]:   §cA modified version may contain malicious software.
[2025/03/19 00:22:18]: 
[2025/03/19 00:22:18]:  §3Trusted sources:
[2025/03/19 00:22:18]:   §bwww.nickuc.com
[2025/03/19 00:22:18]:   §bwww.github.com/nickuc
[2025/03/19 00:22:18]:   §bOpeNLogin installer (from Spigot or GitHub)
[2025/03/19 00:22:18]: 
[2025/03/19 00:22:18]:  §3Official support channels:
[2025/03/19 00:22:18]:   §bDiscord group: §fwww.nickuc.com/discord
[2025/03/19 00:22:18]:   §bDocumentation: §fdocs.nickuc.com/nlogin/
[2025/03/19 00:22:18]:   §bEmail: §fsupport@nickuc.com
[2025/03/19 00:22:18]:   §bYouTube: §fyoutube.com/nickuc
[2025/03/19 00:22:18]: 
[2025/03/19 00:22:18]:  §eTo remove this warning, log in with "nlogin.admin" permission on the server
[2025/03/19 00:22:18]:  §eand click the "Setup plugin" button to configure your plugin.
[2025/03/19 00:22:18]: 
[2025/03/19 00:22:46]: §3[nLogin] [DEBUG] [SQLite] [UPDATE]: "INSERT INTO `nlogin` (`last_name`, `unique_id`, `mojang_id`, `bedrock_id`, `password`, `last_ip`, `creation_date`, `last_seen`, `email`, `discord`, `settings`) VALUES ('algari', bce1c2937a0439a4b7b0fee08ee32e47, null, null, '$2a$10$XMldslv663ITyipw23OPUuGF24SrOP/x3xYCKh98aCfncFeP.nDPS', '127.25.19.112', '2025-03-19 00:22:46.82', '2025-03-19 00:22:46.82', null, null, '{"settings":[{"value":true,"key":"force-invalid-session"}],"version":0}')" (applied to all columns)
[2025/03/19 00:22:46]: [nLogin] The user algari has successfully registered.
[2025/03/19 00:23:54]: §3[nLogin] [DEBUG] [SQLite] [UPDATE]: "UPDATE `nlogin` SET `last_name` = 'algari', `unique_id` = bce1c2937a0439a4b7b0fee08ee32e47,  `mojang_id` = null,  `bedrock_id` = null,  `password` = '$2a$10$XMldslv663ITyipw23OPUuGF24SrOP/x3xYCKh98aCfncFeP.nDPS', `last_ip` = '127.25.19.112', `creation_date` = 2025-03-19 00:22:46.82, `last_seen` = 2025-03-19 00:23:54.11, `email` = null, `discord` = null, `settings` = '{"settings":[{"value":true,"key":"force-invalid-session"},{"value":"en","key":"language"}],"version":0}' WHERE `ai` = 1" (applied to [last_seen, settings] columns)
[2025/03/19 00:23:58]: [nLogin] Successful plugin core shutdown (took 0.00s)
