[2025/03/19 17:48:11]: §9          __             _       
[2025/03/19 17:48:11]: §9  _ __   / /  ___   __ _(_)_ __  
[2025/03/19 17:48:11]: §9 | '_ \ / /  / _ \ / _` | | '_ \ 
[2025/03/19 17:48:11]: §9 | | | / /__| (_) | (_| | | | | |
[2025/03/19 17:48:11]: §9 |_| |_\____/\___/ \__, |_|_| |_|
[2025/03/19 17:48:11]: §9                  |___/            
[2025/03/19 17:48:11]: §9 By: www.nickuc.com - V 10.4.21
[2025/03/19 17:48:11]: §9 
[2025/03/19 17:48:12]: §3[nLogin] [DEBUG] All settings were loaded in 89 ms.
[2025/03/19 17:48:12]: §3[nLogin] [DEBUG] Loading the messages_en.yml message file...
[2025/03/19 17:48:12]: §3[nLogin] [DEBUG] All plugin messages were loaded in 49 ms (languageByClient=false).
[2025/03/19 17:48:12]: §3[nLogin] [DEBUG] All proxy settings were loaded in 1 ms.
[2025/03/19 17:48:12]: §3[nLogin] [DEBUG] Loading database...
[2025/03/19 17:48:12]: §3[nLogin] [DEBUG] Starting logger filter...
[2025/03/19 17:49:10]: §3[nLogin] [DEBUG] [SQLite] [UPDATE]: "UPDATE `nlogin` SET `last_name` = 'algari', `unique_id` = bce1c2937a0439a4b7b0fee08ee32e47,  `mojang_id` = null,  `bedrock_id` = null,  `password` = '$2a$10$XMldslv663ITyipw23OPUuGF24SrOP/x3xYCKh98aCfncFeP.nDPS', `last_ip` = '127.25.19.112', `creation_date` = 2025-03-19 00:22:46.82, `last_seen` = 2025-03-19 17:49:10.829, `email` = null, `discord` = null, `settings` = '{"settings":[{"value":"en","key":"language"}],"version":0}' WHERE `ai` = 1" (applied to [last_ip, last_seen, settings] columns)
[2025/03/19 17:49:10]: [nLogin] The user algari has successfully logged in.
[2025/03/19 17:59:41]: §3[nLogin] [DEBUG] [SQLite] [UPDATE]: "UPDATE `nlogin` SET `last_name` = 'algari', `unique_id` = bce1c2937a0439a4b7b0fee08ee32e47,  `mojang_id` = null,  `bedrock_id` = null,  `password` = '$2a$10$XMldslv663ITyipw23OPUuGF24SrOP/x3xYCKh98aCfncFeP.nDPS', `last_ip` = '127.25.19.112', `creation_date` = 2025-03-19 00:22:46.82, `last_seen` = 2025-03-19 17:59:41.18, `email` = null, `discord` = null, `settings` = '{"settings":[{"value":"en","key":"language"}],"version":0}' WHERE `ai` = 1" (applied to [last_seen, settings] columns)
[2025/03/19 18:03:05]: §3[nLogin] [DEBUG] [SQLite] [UPDATE]: "UPDATE `nlogin` SET `last_name` = 'algari', `unique_id` = bce1c2937a0439a4b7b0fee08ee32e47,  `mojang_id` = null,  `bedrock_id` = null,  `password` = '$2a$10$XMldslv663ITyipw23OPUuGF24SrOP/x3xYCKh98aCfncFeP.nDPS', `last_ip` = '127.25.19.112', `creation_date` = 2025-03-19 00:22:46.82, `last_seen` = 2025-03-19 18:03:05.961, `email` = null, `discord` = null, `settings` = '{"settings":[{"value":"en","key":"language"}],"version":0}' WHERE `ai` = 1" (applied to [last_ip, last_seen, settings] columns)
[2025/03/19 18:03:05]: [nLogin] The user algari has successfully logged in.
[2025/03/19 18:09:27]: [nLogin] Successful plugin core shutdown (took 0.00s)
