[16:55:36] [ServerMain/INFO]: [bootstrap] Running Java 21 (OpenJDK 64-Bit Server VM 21.0.6+7-Ubuntu-120.04.1; Ubuntu null) on Linux 6.8.0-1021-azure (amd64)
[16:55:36] [ServerMain/INFO]: [bootstrap] Loading Paper 1.21.1-57-master@b483da4 (2024-09-01T18:09:05Z) for Minecraft 1.21.1
[16:55:36] [ServerMain/INFO]: [PluginInitializerManager] Initializing plugins...
[16:55:36] [ServerMain/INFO]: [PluginInitializerManager] Initialized 12 plugins
[16:55:36] [ServerMain/INFO]: [PluginInitializerManager] Bukkit plugins (12):
 - AlertPlugin (1.0), BetterSleeping4 (4.0.2), DiscordSRV (1.29.0), DualHorse (1.5.2), ItemEditor (2.0.3), ODMGear (1.0-SNAPSHOT), OpeNLogin (1.6.7), ProtocolLib (5.3.0-SNAPSHOT-726), RealMines (1.8.6), Skoice (3.2.4), dynmap (3.7-SNAPSHOT-968), nLogin (10.4.21)
[16:55:41] [ServerMain/INFO]: Environment: Environment[sessionHost=https://sessionserver.mojang.com, servicesHost=https://api.minecraftservices.com, name=PROD]
[16:55:44] [ServerMain/INFO]: Loaded 1377 recipes
[16:55:44] [ServerMain/ERROR]: Failed to load function snc:api/get/survey_corps/full
java.util.concurrent.CompletionException: java.lang.IllegalArgumentException: Whilst parsing command on line 4: Expected whitespace to end one argument, but found trailing data at position 19: ...zure_bluet<--[HERE]
	at java.base/java.util.concurrent.CompletableFuture.encodeThrowable(CompletableFuture.java:315) ~[?:?]
	at java.base/java.util.concurrent.CompletableFuture.completeThrowable(CompletableFuture.java:320) ~[?:?]
	at java.base/java.util.concurrent.CompletableFuture$AsyncSupply.run(CompletableFuture.java:1770) ~[?:?]
	at java.base/java.util.concurrent.ThreadPoolExecutor.runWorker(ThreadPoolExecutor.java:1144) ~[?:?]
	at java.base/java.util.concurrent.ThreadPoolExecutor$Worker.run(ThreadPoolExecutor.java:642) ~[?:?]
	at java.base/java.lang.Thread.run(Thread.java:1583) ~[?:?]
Caused by: java.lang.IllegalArgumentException: Whilst parsing command on line 4: Expected whitespace to end one argument, but found trailing data at position 19: ...zure_bluet<--[HERE]
	at net.minecraft.commands.functions.CommandFunction.fromLines(CommandFunction.java:86) ~[paper-1.21.1.jar:1.21.1-57-b483da4]
	at net.minecraft.server.ServerFunctionLibrary.lambda$reload$2(ServerFunctionLibrary.java:97) ~[paper-1.21.1.jar:1.21.1-57-b483da4]
	at java.base/java.util.concurrent.CompletableFuture$AsyncSupply.run(CompletableFuture.java:1768) ~[?:?]
	... 3 more
[16:55:44] [ServerMain/ERROR]: Failed to load function snc:api/console_status
java.util.concurrent.CompletionException: java.lang.IllegalArgumentException: Whilst parsing command on line 14: Unknown or incomplete command, see below for error at position 0: <--[HERE]
	at java.base/java.util.concurrent.CompletableFuture.encodeThrowable(CompletableFuture.java:315) ~[?:?]
	at java.base/java.util.concurrent.CompletableFuture.completeThrowable(CompletableFuture.java:320) ~[?:?]
	at java.base/java.util.concurrent.CompletableFuture$AsyncSupply.run(CompletableFuture.java:1770) ~[?:?]
	at java.base/java.util.concurrent.ThreadPoolExecutor.runWorker(ThreadPoolExecutor.java:1144) ~[?:?]
	at java.base/java.util.concurrent.ThreadPoolExecutor$Worker.run(ThreadPoolExecutor.java:642) ~[?:?]
	at java.base/java.lang.Thread.run(Thread.java:1583) ~[?:?]
Caused by: java.lang.IllegalArgumentException: Whilst parsing command on line 14: Unknown or incomplete command, see below for error at position 0: <--[HERE]
	at net.minecraft.commands.functions.CommandFunction.fromLines(CommandFunction.java:86) ~[paper-1.21.1.jar:1.21.1-57-b483da4]
	at net.minecraft.server.ServerFunctionLibrary.lambda$reload$2(ServerFunctionLibrary.java:97) ~[paper-1.21.1.jar:1.21.1-57-b483da4]
	at java.base/java.util.concurrent.CompletableFuture$AsyncSupply.run(CompletableFuture.java:1768) ~[?:?]
	... 3 more
[16:55:44] [ServerMain/ERROR]: Failed to load function snc:shifters/mobs/colossal/action/death/decay
java.util.concurrent.CompletionException: java.lang.IllegalArgumentException: Whilst parsing command on line 2: Float must not be more than 2.0, found 3.0 at position 50: ...^ ^ ^40 2 <--[HERE]
	at java.base/java.util.concurrent.CompletableFuture.encodeThrowable(CompletableFuture.java:315) ~[?:?]
	at java.base/java.util.concurrent.CompletableFuture.completeThrowable(CompletableFuture.java:320) ~[?:?]
	at java.base/java.util.concurrent.CompletableFuture$AsyncSupply.run(CompletableFuture.java:1770) ~[?:?]
	at java.base/java.util.concurrent.ThreadPoolExecutor.runWorker(ThreadPoolExecutor.java:1144) ~[?:?]
	at java.base/java.util.concurrent.ThreadPoolExecutor$Worker.run(ThreadPoolExecutor.java:642) ~[?:?]
	at java.base/java.lang.Thread.run(Thread.java:1583) ~[?:?]
Caused by: java.lang.IllegalArgumentException: Whilst parsing command on line 2: Float must not be more than 2.0, found 3.0 at position 50: ...^ ^ ^40 2 <--[HERE]
	at net.minecraft.commands.functions.CommandFunction.fromLines(CommandFunction.java:86) ~[paper-1.21.1.jar:1.21.1-57-b483da4]
	at net.minecraft.server.ServerFunctionLibrary.lambda$reload$2(ServerFunctionLibrary.java:97) ~[paper-1.21.1.jar:1.21.1-57-b483da4]
	at java.base/java.util.concurrent.CompletableFuture$AsyncSupply.run(CompletableFuture.java:1768) ~[?:?]
	... 3 more
[16:55:44] [ServerMain/INFO]: Loaded 1462 advancements
[16:55:45] [Server thread/INFO]: Starting minecraft server version 1.21.1
[16:55:45] [Server thread/INFO]: Loading properties
[16:55:45] [Server thread/INFO]: This server is running Paper version 1.21.1-57-master@b483da4 (2024-09-01T18:09:05Z) (Implementing API version 1.21.1-R0.1-SNAPSHOT)
[16:55:45] [Server thread/INFO]: [spark] This server bundles the spark profiler. For more information please visit https://docs.papermc.io/paper/profiling
[16:55:45] [Server thread/INFO]: Server Ping Player Sample Count: 12
[16:55:45] [Server thread/INFO]: Using 4 threads for Netty based IO
[16:55:46] [Server thread/INFO]: [ChunkTaskScheduler] Chunk system is using 1 I/O threads, 1 worker threads, and population gen parallelism of 1 threads
[16:55:46] [Server thread/INFO]: Default game type: SURVIVAL
[16:55:46] [Server thread/INFO]: Generating keypair
[16:55:46] [Server thread/INFO]: Starting Minecraft server on *:25565
[16:55:47] [Server thread/INFO]: Using epoll channel type
[16:55:47] [Server thread/INFO]: Paper: Using libdeflate (Linux x86_64) compression from Velocity.
[16:55:47] [Server thread/INFO]: Paper: Using OpenSSL 1.1.x (Linux x86_64) cipher from Velocity.
[16:55:47] [Server thread/ERROR]: [ModernPluginLoadingStrategy] Could not load 'plugins/.paper-remapped/RealMines (2).jar' in 'plugins/.paper-remapped'
org.bukkit.plugin.UnknownDependencyException: Unknown/missing dependency plugins: [WorldEdit]. Please download and install these plugins to run 'RealMines'.
	at io.papermc.paper.plugin.entrypoint.strategy.modern.ModernPluginLoadingStrategy.loadProviders(ModernPluginLoadingStrategy.java:82) ~[paper-1.21.1.jar:1.21.1-57-b483da4]
	at io.papermc.paper.plugin.storage.SimpleProviderStorage.enter(SimpleProviderStorage.java:38) ~[paper-1.21.1.jar:1.21.1-57-b483da4]
	at io.papermc.paper.plugin.entrypoint.LaunchEntryPointHandler.enter(LaunchEntryPointHandler.java:40) ~[paper-1.21.1.jar:1.21.1-57-b483da4]
	at org.bukkit.craftbukkit.CraftServer.loadPlugins(CraftServer.java:546) ~[paper-1.21.1.jar:1.21.1-57-b483da4]
	at net.minecraft.server.dedicated.DedicatedServer.initServer(DedicatedServer.java:292) ~[paper-1.21.1.jar:1.21.1-57-b483da4]
	at net.minecraft.server.MinecraftServer.runServer(MinecraftServer.java:1215) ~[paper-1.21.1.jar:1.21.1-57-b483da4]
	at net.minecraft.server.MinecraftServer.lambda$spin$0(MinecraftServer.java:330) ~[paper-1.21.1.jar:1.21.1-57-b483da4]
	at java.base/java.lang.Thread.run(Thread.java:1583) ~[?:?]
[16:55:49] [Server thread/INFO]: [dynmap] Loading server plugin dynmap v3.7-SNAPSHOT-968
[16:55:49] [Server thread/INFO]: [dynmap] version=1.21.1-57-b483da4 (MC: 1.21.1)
[16:55:49] [Server thread/INFO]: [dynmap] Mod Support API available
[16:55:49] [Server thread/INFO]: [ProtocolLib] Loading server plugin ProtocolLib v5.3.0-SNAPSHOT-726
[16:55:49] [Server thread/WARN]: [ProtocolLib] Version (MC: 1.21.1) has not yet been tested! Proceed with caution.
[16:55:49] [Server thread/INFO]: [DiscordSRV] Loading server plugin DiscordSRV v1.29.0
[16:55:49] [Server thread/INFO]: [ItemEditor] Loading server plugin ItemEditor v2.0.3
[16:55:49] [Server thread/INFO]: [ODMGear] Loading server plugin ODMGear v1.0-SNAPSHOT
[16:55:49] [Server thread/INFO]: [AlertPlugin] Loading server plugin AlertPlugin v1.0
[16:55:49] [Server thread/INFO]: [Skoice] Loading server plugin Skoice v3.2.4
[16:55:49] [Server thread/INFO]: [BetterSleeping4] Loading server plugin BetterSleeping4 v4.0.2
[16:55:49] [Server thread/INFO]: [nLogin] Loading server plugin nLogin v10.4.21
[16:55:50] [Server thread/INFO]: [OpeNLogin] Loading server plugin OpeNLogin v1.6.7
[16:55:50] [Server thread/INFO]: [DualHorse] Loading server plugin DualHorse v1.5.2
[16:55:50] [Server thread/INFO]: Server permissions file permissions.yml is empty, ignoring it
[16:55:50] [Server thread/INFO]: [ProtocolLib] Enabling ProtocolLib v5.3.0-SNAPSHOT-726
[16:55:50] [Server thread/INFO]: [nLogin] Enabling nLogin v10.4.21
[16:55:50] [Server thread/INFO]: [nLogin] Successful plugin core start (took 0.61s)
[16:55:50] [Server thread/INFO]:           __             _       
[16:55:50] [Server thread/INFO]:   _ __   / /  ___   __ _(_)_ __  
[16:55:50] [Server thread/INFO]:  | '_ \ / /  / _ \ / _` | | '_ \ 
[16:55:50] [Server thread/INFO]:  | | | / /__| (_) | (_| | | | | |
[16:55:50] [Server thread/INFO]:  |_| |_\____/\___/ \__, |_|_| |_|
[16:55:50] [Server thread/INFO]:                   |___/            
[16:55:50] [Server thread/INFO]:  By: www.nickuc.com - V 10.4.21
[16:55:50] [Server thread/INFO]:  
[16:55:51] [Server thread/WARN]: **** SERVER IS RUNNING IN OFFLINE/INSECURE MODE!
[16:55:51] [Server thread/WARN]: The server will make no attempt to authenticate usernames. Beware.
[16:55:51] [Server thread/WARN]: While this makes the game possible to play without internet access, it also opens up the ability for hackers to connect with any username they choose.
[16:55:51] [Server thread/WARN]: To change this, set "online-mode" to "true" in the server.properties file.
[16:55:51] [Server thread/INFO]: Preparing level "world"
[16:55:52] [Server thread/INFO]: Preparing start region for dimension minecraft:overworld
[16:55:53] [Server thread/INFO]: Time elapsed: 1484 ms
[16:55:53] [Server thread/INFO]: Preparing start region for dimension minecraft:the_nether
[16:55:53] [Server thread/INFO]: Time elapsed: 263 ms
[16:55:53] [Server thread/INFO]: Preparing start region for dimension minecraft:the_end
[16:55:54] [Server thread/INFO]: Time elapsed: 121 ms
[16:55:54] [Server thread/INFO]: [dynmap] Enabling dynmap v3.7-SNAPSHOT-968
[16:55:54] [Server thread/INFO]: [dynmap] Added 22 custom biome mappings
[16:55:54] [Server thread/INFO]: [dynmap] Using Bukkit Permissions (superperms) for access control
[16:55:54] [Server thread/INFO]: [dynmap] Web interface permissions only available for online users
[16:55:55] [Server thread/INFO]: [dynmap] Mod Support processing completed
[16:55:57] [Server thread/INFO]: [dynmap] Loaded 27 shaders.
[16:55:57] [Server thread/INFO]: [dynmap] Loaded 83 perspectives.
[16:55:57] [Server thread/INFO]: [dynmap] Loaded 22 lightings.
[16:55:57] [Server thread/INFO]: [dynmap] Starting enter/exit processing
[16:55:58] [Dynmap Render Thread/INFO]: [dynmap] Finish marker initialization
[16:55:58] [Server thread/INFO]: [dynmap] Web server started on address 0.0.0.0:8123
[16:55:59] [Server thread/INFO]: [dynmap] version 3.7-SNAPSHOT-968 is enabled - core version 3.7-SNAPSHOT-985
[16:55:59] [Server thread/INFO]: [dynmap] For support, visit our Discord at https://discord.gg/s3rd5qn
[16:55:59] [Server thread/INFO]: [dynmap] For news, visit https://reddit.com/r/Dynmap or follow https://universeodon.com/@dynmap
[16:55:59] [Server thread/INFO]: [dynmap] To report or track bugs, visit https://github.com/webbukkit/dynmap/issues
[16:55:59] [Server thread/INFO]: [dynmap] If you'd like to donate, please visit https://www.patreon.com/dynmap or https://ko-fi.com/michaelprimm
[16:55:59] [Server thread/INFO]: [dynmap] Loaded 3 maps of world 'world'.
[16:55:59] [Server thread/INFO]: [dynmap] Loaded 46638 pending tile renders for world 'world'
[16:55:59] [Server thread/INFO]: [dynmap] Loaded 2 maps of world 'world_nether'.
[16:55:59] [Server thread/INFO]: [dynmap] Loaded 2 maps of world 'world_the_end'.
[16:55:59] [Server thread/INFO]: [dynmap] Enabled
[16:55:59] [Server thread/INFO]: [DiscordSRV] Enabling DiscordSRV v1.29.0
[16:55:59] [Server thread/INFO]: [ItemEditor] Enabling ItemEditor v2.0.3
[16:55:59] [Server thread/INFO]: [ItemEditor] Detected minecraft 1.21.1
[16:55:59] [Server thread/INFO]: [ItemEditor] Reloading items.
[16:55:59] [Server thread/INFO]: [ItemEditor] Loaded 0 items from storage.
[16:55:59] [Server thread/INFO]: [ODMGear] Enabling ODMGear v1.0-SNAPSHOT
[16:55:59] [pool-18-thread-1/INFO]: [DiscordSRV] DiscordSRV is up-to-date. (9d4734818ab27069d76f264a4cda74a699806770)
[16:55:59] [DiscordSRV - Initialization/ERROR]: [DiscordSRV] No bot token has been set in the config; a bot token is required to connect to Discord.
[16:55:59] [Server thread/INFO]: [AlertPlugin] Enabling AlertPlugin v1.0
[16:55:59] [Server thread/INFO]: Gracias por usar mi Plugin ~ C0RR3A_D4
[16:55:59] [Server thread/INFO]: [Skoice] Enabling Skoice v3.2.4
[16:56:00] [Server thread/INFO]: [Skoice] Plug-in habilitado.
[16:56:01] [Server thread/INFO]: [Skoice] Tu bot está intentando conectarse.
[16:56:02] [Server thread/INFO]: [DiscordSRV] API listener net.clementraynaud.skoice.spigot.hooks.discordsrv.DiscordSRVHookImpl subscribed (3 methods)
[16:56:02] [Server thread/INFO]: [BetterSleeping4] Enabling BetterSleeping4 v4.0.2
[16:56:03] [Server thread/INFO]: [OpeNLogin] Enabling OpeNLogin v1.6.7
[16:56:03] [Server thread/INFO]: [OpeNLogin] nLogin was detected, turning off plugin...
[16:56:03] [Server thread/INFO]: [OpeNLogin] Disabling OpeNLogin v1.6.7
[16:56:03] [Server thread/INFO]: [DualHorse] Enabling DualHorse v1.5.2
[16:56:03] [Server thread/INFO]: [DualHorse] DualHorse Plugin - made by GeeVeeDee
[16:56:03] [Server thread/INFO]: [spark] Starting background profiler...
[16:56:03] [Server thread/INFO]: Done preparing level "world" (11.657s)
[16:56:03] [Server thread/INFO]: Running delayed init tasks
[16:56:03] [Server thread/INFO]: [DiscordSRV] Disabling DiscordSRV v1.29.0
[16:56:03] [Server thread/INFO]: Done (28.440s)! For help, type "help"
[16:56:03] [Server thread/INFO]: Timings Reset
[16:56:03] [Dynmap Render Thread/INFO]: [dynmap] Loading default resource pack
[16:56:04] [Server thread/INFO]: [ProtocolLib] The updater found an update: 5.3.0 (Running 5.3.0-SNAPSHOT-726). Download at https://www.spigotmc.org/resources/protocollib.1997/
[16:56:07] [Craft Scheduler Thread - 2 - Skoice/INFO]: [net.clementraynaud.skoice.libraries.net.dv8tion.jda.api.JDA] Login Successful!
[16:56:07] [JDA MainWS-ReadThread/INFO]: [net.clementraynaud.skoice.libraries.net.dv8tion.jda.internal.requests.WebSocketClient] Connected to WebSocket
[16:56:08] [JDA MainWS-ReadThread/INFO]: [net.clementraynaud.skoice.libraries.net.dv8tion.jda.api.JDA] Finished Loading!
[16:56:08] [ForkJoinPool.commonPool-worker-1/INFO]: [Skoice] Tu bot está conectado.
[16:56:09] [ForkJoinPool.commonPool-worker-1/INFO]: [Skoice] Skoice está configurado. Escribe "/link" en tu servidor de Discord para vincular tu cuenta de Discord con Minecraft. Los jugadores deben vincular sus cuentas para usar el chat de voz de proximidad.
[17:07:41] [User Authenticator #0/INFO]: UUID of player algari is bce1c293-7a04-39a4-b7b0-fee08ee32e47
[17:07:45] [Server thread/INFO]: algari[/127.25.19.112:59307] logged in with entity id 33 at ([world]993.7497402164086, 60.708654759914936, 610.3516934244345)
[17:08:15] [Folia Async Scheduler Thread #3/INFO]: [nLogin] The user algari has successfully logged in.
[17:08:26] [Server thread/INFO]: algari issued server command: /gamemode creative
[17:08:26] [Server thread/INFO]: [Sld. algari: Set own game mode to Creative Mode]
[17:08:30] [Server thread/INFO]: algari issued server command: /weather clear
[17:08:30] [Server thread/INFO]: [Sld. algari: Set the weather to clear]
[17:09:00] [Server thread/INFO]: algari issued server command: /gamemode survival
[17:09:00] [Server thread/INFO]: [Sld. algari: Set own game mode to Survival Mode]
[17:09:06] [Server thread/INFO]: algari issued server command: /gamemode creative
[17:09:06] [Server thread/INFO]: [Sld. algari: Set own game mode to Creative Mode]
[17:09:34] [JDA MainWS-ReadThread/WARN]: [net.clementraynaud.skoice.libraries.net.dv8tion.jda.internal.requests.WebSocketClient] Got disconnected from WebSocket (Code 1000). Appending to reconnect queue
[17:09:36] [JDA MainWS-ReadThread/INFO]: [net.clementraynaud.skoice.libraries.net.dv8tion.jda.internal.requests.WebSocketClient] Connected to WebSocket
[17:09:36] [JDA MainWS-WriteThread/ERROR]: [net.clementraynaud.skoice.libraries.net.dv8tion.jda.internal.requests.WebSocketClient] WebSocket connection was closed and cannot be recovered due to identification issues
CloseCode[AUTHENTICATION_FAILED](code=4004, meaning=The account token sent with your identify payload is incorrect.)
[17:11:28] [Server thread/WARN]: algari moved too quickly! -6.565548355499004,1.3313606694879212,14.742789281098908
[17:11:45] [Server thread/INFO]: Added 1 to [Titan_Kill_Count] for Sld. algari (now 7)
[17:11:45] [Server thread/INFO]: Named entity ZombieVillager['12m Titan (Michelle)'/621, uuid='63eb3213-2ba8-4660-857b-525f5dfc689a', l='ServerLevel[world]', x=1115.51, y=-187.00, z=789.50, cpos=[69, 49], tl=2820, v=true] died: 12m Titan (Michelle) was killed while fighting Sld. algari
[17:12:00] [Server thread/INFO]: algari lost connection: Disconnected
